New log file opened at Thu Mar 17 16:15:09 IST 2016 by 18843@KT-017
Sending msg to client play-fork-run-dcfda291-5404-4c89-806d-0db156c27dff: DetachedLogEvent(LogMessage(debug,sbt server socket logs are in: /home/administrator/Documents/March/play-java-intro/.sbtserver/connections/master.log))
Sending msg to client play-fork-run-dcfda291-5404-4c89-806d-0db156c27dff: DetachedLogEvent(LogMessage(debug,sbt general server logs are in: /home/administrator/Documents/March/play-java-intro/.sbtserver/master.log))
Sending msg to client play-fork-run-dcfda291-5404-4c89-806d-0db156c27dff: DetachedLogEvent(LogMessage(debug,sbt client logs are in: /home/administrator/Documents/March/play-java-intro/.sbtserver/connections/play-fork-run-dcfda291-5404-4c89-806d-0db156c27dff.log))
Reading next message from client.
Got request: DaemonRequest(true)
Reading next message from client.
Sending msg to client play-fork-run-dcfda291-5404-4c89-806d-0db156c27dff: (3,ReceivedResponse())
Got request: ListenToEvents()
Reading next message from client.
Sending msg to client play-fork-run-dcfda291-5404-4c89-806d-0db156c27dff: BackgroundJobStarted(97,BackgroundJobInfo(4,backgroundRun,AttributeKey[sbt.BackgroundJobHandle]("backgroundRun") in Scope(Build: file:/home/administrator/Documents/March/play-java-intro/, , Project: ProjectReference(file:/home/administrator/Documents/March/play-java-intro/,root), Config: compile)))
Sending msg to client play-fork-run-dcfda291-5404-4c89-806d-0db156c27dff: BackgroundJobStarted(95,BackgroundJobInfo(3,backgroundRun,AttributeKey[sbt.BackgroundJobHandle]("backgroundRun") in Scope(Build: file:/home/administrator/Documents/March/play-java-intro/, , Project: ProjectReference(file:/home/administrator/Documents/March/play-java-intro/,root), Config: compile)))
Sending msg to client play-fork-run-dcfda291-5404-4c89-806d-0db156c27dff: BackgroundJobStarted(82,BackgroundJobInfo(2,backgroundRun,AttributeKey[sbt.BackgroundJobHandle]("backgroundRun") in Scope(Build: file:/home/administrator/Documents/March/play-java-intro/, , Project: ProjectReference(file:/home/administrator/Documents/March/play-java-intro/,root), Config: compile)))
Sending msg to client play-fork-run-dcfda291-5404-4c89-806d-0db156c27dff: (4,ReceivedResponse())
Got request: KeyLookupRequest(root/playForkConfig)
Reading next message from client.
Sending msg to client play-fork-run-dcfda291-5404-4c89-806d-0db156c27dff: (5,KeyLookupResponse(root/playForkConfig,Vector(AttributeKey[play.forkrun.protocol.ForkConfig]("playForkConfig") in Scope(Build: file:/home/administrator/Documents/March/play-java-intro/, , Project: ProjectReference(file:/home/administrator/Documents/March/play-java-intro/,root)))))
Got request: ListenToValue(AttributeKey[play.forkrun.protocol.ForkConfig]("playForkConfig") in Scope(Build: file:/home/administrator/Documents/March/play-java-intro/, , Project: ProjectReference(file:/home/administrator/Documents/March/play-java-intro/,root)))
Reading next message from client.
Sending msg to client play-fork-run-dcfda291-5404-4c89-806d-0db156c27dff: (6,ReceivedResponse())
Got request: KeyExecutionRequest(AttributeKey[play.forkrun.protocol.ForkConfig]("playForkConfig") in Scope(Build: file:/home/administrator/Documents/March/play-java-intro/, , Project: ProjectReference(file:/home/administrator/Documents/March/play-java-intro/,root)))
Reading next message from client.
Sending msg to client play-fork-run-dcfda291-5404-4c89-806d-0db156c27dff: (7,ExecutionRequestReceived(98))
Sending msg to client play-fork-run-dcfda291-5404-4c89-806d-0db156c27dff: ExecutionWaiting(98,{file:/home/administrator/Documents/March/play-java-intro/}root/*:playForkConfig,ClientInfo(dcfda291-5404-4c89-806d-0db156c27dff,play-fork-run,Play Fork Run,1,Vector()))
Sending msg to client play-fork-run-dcfda291-5404-4c89-806d-0db156c27dff: ExecutionStarting(98)
Sending msg to client play-fork-run-dcfda291-5404-4c89-806d-0db156c27dff: DetachedLogEvent(LogMessage(debug,> {file:/home/administrator/Documents/March/play-java-intro/}root/*:playForkConfig))
Sending msg to client play-fork-run-dcfda291-5404-4c89-806d-0db156c27dff: DetachedLogEvent(LogMessage(debug,Evaluating tasks: *:playForkConfig))
Sending msg to client play-fork-run-dcfda291-5404-4c89-806d-0db156c27dff: DetachedLogEvent(LogMessage(debug,Running task... Cancel: sbt.server.ServerTaskCancellation@40953bea, check cycles: false))
Sending msg to client play-fork-run-dcfda291-5404-4c89-806d-0db156c27dff: DetachedLogEvent(LogMessage(debug,cancel strategy start enabled=true lastCommand=Some(LastCommand(CommandExecutionWork(ExecutionId(98),{file:/home/administrator/Documents/March/play-java-intro/}root/*:playForkConfig,Set(LiveClient(play-fork-run dcfda291-5404-4c89-806d-0db156c27dff)),sbt.server.WorkCancellationStatus$$anon$1@ffe99c9)))))
Sending msg to client play-fork-run-dcfda291-5404-4c89-806d-0db156c27dff: TaskStarted(98,12960,None)
Sending msg to client play-fork-run-dcfda291-5404-4c89-806d-0db156c27dff: TaskStarted(98,12962,None)
Sending msg to client play-fork-run-dcfda291-5404-4c89-806d-0db156c27dff: TaskStarted(98,12963,None)
Sending msg to client play-fork-run-dcfda291-5404-4c89-806d-0db156c27dff: TaskStarted(98,12964,Some(AttributeKey[java.lang.String]("updateCacheName") in Scope(Build: file:/home/administrator/Documents/March/play-java-intro/, , Project: ProjectReference(file:/home/administrator/Documents/March/play-java-intro/,root))))
Sending msg to client play-fork-run-dcfda291-5404-4c89-806d-0db156c27dff: TaskStarted(98,12968,None)
Sending msg to client play-fork-run-dcfda291-5404-4c89-806d-0db156c27dff: TaskStarted(98,12971,None)
Sending msg to client play-fork-run-dcfda291-5404-4c89-806d-0db156c27dff: TaskStarted(98,12975,None)
Sending msg to client play-fork-run-dcfda291-5404-4c89-806d-0db156c27dff: TaskStarted(98,12978,Some(AttributeKey[scala.collection.Seq[sbt.Credentials]]("credentials") in Scope(Global)))
Sending msg to client play-fork-run-dcfda291-5404-4c89-806d-0db156c27dff: TaskStarted(98,12982,Some(AttributeKey[scala.Option[scala.collection.Seq[sbt.Resolver]]]("bootResolvers") in Scope(Build: file:/home/administrator/Documents/March/play-java-intro/, , Project: ProjectReference(file:/home/administrator/Documents/March/play-java-intro/,root))))
Sending msg to client play-fork-run-dcfda291-5404-4c89-806d-0db156c27dff: TaskStarted(98,12983,Some(AttributeKey[scala.collection.Seq[sbt.Resolver]]("externalResolvers") in Scope(Build: file:/home/administrator/Documents/March/play-java-intro/, , Project: ProjectReference(file:/home/administrator/Documents/March/play-java-intro/,root))))
Sending msg to client play-fork-run-dcfda291-5404-4c89-806d-0db156c27dff: TaskStarted(98,12991,Some(AttributeKey[boolean]("skip") in Scope(Global)))
Sending msg to client play-fork-run-dcfda291-5404-4c89-806d-0db156c27dff: TaskStarted(98,12992,Some(AttributeKey[scala.Option[java.lang.String]]("mainClass") in Scope(Build: file:/home/administrator/Documents/March/play-java-intro/, , Project: ProjectReference(file:/home/administrator/Documents/March/play-java-intro/,root), Config: compile, Task: AttributeKey[void]("run"))))
Sending msg to client play-fork-run-dcfda291-5404-4c89-806d-0db156c27dff: TaskStarted(98,12994,None)
Sending msg to client play-fork-run-dcfda291-5404-4c89-806d-0db156c27dff: TaskStarted(98,12996,Some(AttributeKey[scala.Tuple2[java.lang.String,java.io.File]]("playPrefixAndAssets") in Scope(Build: file:/home/administrator/Documents/March/play-java-intro/, , Project: ProjectReference(file:/home/administrator/Documents/March/play-java-intro/,root))))
Sending msg to client play-fork-run-dcfda291-5404-4c89-806d-0db156c27dff: TaskStarted(98,12998,Some(AttributeKey[scala.collection.Seq[java.lang.String]]("javaOptions") in Scope(Global)))
Sending msg to client play-fork-run-dcfda291-5404-4c89-806d-0db156c27dff: TaskStarted(98,12999,None)
Sending msg to client play-fork-run-dcfda291-5404-4c89-806d-0db156c27dff: TaskStarted(98,13011,None)
Sending msg to client play-fork-run-dcfda291-5404-4c89-806d-0db156c27dff: TaskFinished(98,12962,None,true,None)
Sending msg to client play-fork-run-dcfda291-5404-4c89-806d-0db156c27dff: TaskFinished(98,12960,None,true,None)
Sending msg to client play-fork-run-dcfda291-5404-4c89-806d-0db156c27dff: TaskStarted(98,12973,Some(AttributeKey[sbt.BuildStructure]("buildStructure") in Scope(Global)))
Sending msg to client play-fork-run-dcfda291-5404-4c89-806d-0db156c27dff: TaskStarted(98,12974,Some(AttributeKey[java.io.File]("dependencyCacheDirectory") in Scope(Build: file:/home/administrator/Documents/March/play-java-intro/, , Project: ProjectReference(file:/home/administrator/Documents/March/play-java-intro/,root))))
Sending msg to client play-fork-run-dcfda291-5404-4c89-806d-0db156c27dff: TaskFinished(98,12964,Some(AttributeKey[java.lang.String]("updateCacheName") in Scope(Build: file:/home/administrator/Documents/March/play-java-intro/, , Project: ProjectReference(file:/home/administrator/Documents/March/play-java-intro/,root))),true,None)
Sending msg to client play-fork-run-dcfda291-5404-4c89-806d-0db156c27dff: TaskFinished(98,12968,None,true,None)
Sending msg to client play-fork-run-dcfda291-5404-4c89-806d-0db156c27dff: TaskStarted(98,12967,None)
Sending msg to client play-fork-run-dcfda291-5404-4c89-806d-0db156c27dff: TaskStarted(98,12969,None)
Sending msg to client play-fork-run-dcfda291-5404-4c89-806d-0db156c27dff: TaskStarted(98,12979,None)
Sending msg to client play-fork-run-dcfda291-5404-4c89-806d-0db156c27dff: TaskStarted(98,12986,None)
Sending msg to client play-fork-run-dcfda291-5404-4c89-806d-0db156c27dff: TaskStarted(98,12987,None)
Sending msg to client play-fork-run-dcfda291-5404-4c89-806d-0db156c27dff: TaskStarted(98,13001,None)
Sending msg to client play-fork-run-dcfda291-5404-4c89-806d-0db156c27dff: TaskStarted(98,13004,None)
Sending msg to client play-fork-run-dcfda291-5404-4c89-806d-0db156c27dff: TaskStarted(98,13012,None)
Sending msg to client play-fork-run-dcfda291-5404-4c89-806d-0db156c27dff: TaskFinished(98,12971,None,true,None)
Sending msg to client play-fork-run-dcfda291-5404-4c89-806d-0db156c27dff: TaskFinished(98,12975,None,true,None)
Sending msg to client play-fork-run-dcfda291-5404-4c89-806d-0db156c27dff: TaskFinished(98,12978,Some(AttributeKey[scala.collection.Seq[sbt.Credentials]]("credentials") in Scope(Global)),true,None)
Sending msg to client play-fork-run-dcfda291-5404-4c89-806d-0db156c27dff: TaskFinished(98,12982,Some(AttributeKey[scala.Option[scala.collection.Seq[sbt.Resolver]]]("bootResolvers") in Scope(Build: file:/home/administrator/Documents/March/play-java-intro/, , Project: ProjectReference(file:/home/administrator/Documents/March/play-java-intro/,root))),true,None)
Sending msg to client play-fork-run-dcfda291-5404-4c89-806d-0db156c27dff: TaskFinished(98,12983,Some(AttributeKey[scala.collection.Seq[sbt.Resolver]]("externalResolvers") in Scope(Build: file:/home/administrator/Documents/March/play-java-intro/, , Project: ProjectReference(file:/home/administrator/Documents/March/play-java-intro/,root))),true,None)
Sending msg to client play-fork-run-dcfda291-5404-4c89-806d-0db156c27dff: TaskFinished(98,12992,Some(AttributeKey[scala.Option[java.lang.String]]("mainClass") in Scope(Build: file:/home/administrator/Documents/March/play-java-intro/, , Project: ProjectReference(file:/home/administrator/Documents/March/play-java-intro/,root), Config: compile, Task: AttributeKey[void]("run"))),true,None)
Sending msg to client play-fork-run-dcfda291-5404-4c89-806d-0db156c27dff: TaskFinished(98,12994,None,true,None)
Sending msg to client play-fork-run-dcfda291-5404-4c89-806d-0db156c27dff: TaskFinished(98,12996,Some(AttributeKey[scala.Tuple2[java.lang.String,java.io.File]]("playPrefixAndAssets") in Scope(Build: file:/home/administrator/Documents/March/play-java-intro/, , Project: ProjectReference(file:/home/administrator/Documents/March/play-java-intro/,root))),true,None)
Sending msg to client play-fork-run-dcfda291-5404-4c89-806d-0db156c27dff: TaskStarted(98,12995,Some(AttributeKey[scala.collection.Seq[scala.Tuple2[java.lang.String,java.io.File]]]("playAllAssets") in Scope(Build: file:/home/administrator/Documents/March/play-java-intro/, , Project: ProjectReference(file:/home/administrator/Documents/March/play-java-intro/,root))))
Sending msg to client play-fork-run-dcfda291-5404-4c89-806d-0db156c27dff: TaskFinished(98,12998,Some(AttributeKey[scala.collection.Seq[java.lang.String]]("javaOptions") in Scope(Global)),true,None)
Sending msg to client play-fork-run-dcfda291-5404-4c89-806d-0db156c27dff: TaskFinished(98,12999,None,true,None)
Sending msg to client play-fork-run-dcfda291-5404-4c89-806d-0db156c27dff: TaskStarted(98,12997,Some(AttributeKey[scala.collection.Seq[java.lang.String]]("javaOptions") in Scope(Build: file:/home/administrator/Documents/March/play-java-intro/, )))
Sending msg to client play-fork-run-dcfda291-5404-4c89-806d-0db156c27dff: TaskFinished(98,13011,None,true,None)
Sending msg to client play-fork-run-dcfda291-5404-4c89-806d-0db156c27dff: TaskFinished(98,12973,Some(AttributeKey[sbt.BuildStructure]("buildStructure") in Scope(Global)),true,None)
Sending msg to client play-fork-run-dcfda291-5404-4c89-806d-0db156c27dff: TaskStarted(98,12972,Some(AttributeKey[sbt.Settings[sbt.Scope]]("settingsData") in Scope(Global)))
Sending msg to client play-fork-run-dcfda291-5404-4c89-806d-0db156c27dff: TaskFinished(98,12974,Some(AttributeKey[java.io.File]("dependencyCacheDirectory") in Scope(Build: file:/home/administrator/Documents/March/play-java-intro/, , Project: ProjectReference(file:/home/administrator/Documents/March/play-java-intro/,root))),true,None)
Sending msg to client play-fork-run-dcfda291-5404-4c89-806d-0db156c27dff: TaskFinished(98,12967,None,true,None)
Sending msg to client play-fork-run-dcfda291-5404-4c89-806d-0db156c27dff: TaskStarted(98,12966,Some(AttributeKey[scala.collection.immutable.Map[sbt.ModuleID,sbt.SourcePosition]]("dependencyPositions") in Scope(Build: file:/home/administrator/Documents/March/play-java-intro/, , Project: ProjectReference(file:/home/administrator/Documents/March/play-java-intro/,root))))
Sending msg to client play-fork-run-dcfda291-5404-4c89-806d-0db156c27dff: TaskFinished(98,12963,None,true,None)
Sending msg to client play-fork-run-dcfda291-5404-4c89-806d-0db156c27dff: TaskStarted(98,12961,Some(AttributeKey[scala.collection.Seq[sbt.UpdateReport]]("transitiveUpdate") in Scope(Build: file:/home/administrator/Documents/March/play-java-intro/, , Project: ProjectReference(file:/home/administrator/Documents/March/play-java-intro/,root))))
Sending msg to client play-fork-run-dcfda291-5404-4c89-806d-0db156c27dff: TaskFinished(98,12969,None,true,None)
Sending msg to client play-fork-run-dcfda291-5404-4c89-806d-0db156c27dff: TaskFinished(98,12979,None,true,None)
Sending msg to client play-fork-run-dcfda291-5404-4c89-806d-0db156c27dff: TaskFinished(98,12986,None,true,None)
Sending msg to client play-fork-run-dcfda291-5404-4c89-806d-0db156c27dff: TaskFinished(98,12991,Some(AttributeKey[boolean]("skip") in Scope(Global)),true,None)
Sending msg to client play-fork-run-dcfda291-5404-4c89-806d-0db156c27dff: TaskFinished(98,12987,None,true,None)
Sending msg to client play-fork-run-dcfda291-5404-4c89-806d-0db156c27dff: TaskFinished(98,13001,None,true,None)
Sending msg to client play-fork-run-dcfda291-5404-4c89-806d-0db156c27dff: TaskFinished(98,13012,None,true,None)
Sending msg to client play-fork-run-dcfda291-5404-4c89-806d-0db156c27dff: TaskFinished(98,12995,Some(AttributeKey[scala.collection.Seq[scala.Tuple2[java.lang.String,java.io.File]]]("playAllAssets") in Scope(Build: file:/home/administrator/Documents/March/play-java-intro/, , Project: ProjectReference(file:/home/administrator/Documents/March/play-java-intro/,root))),true,None)
Sending msg to client play-fork-run-dcfda291-5404-4c89-806d-0db156c27dff: TaskFinished(98,12997,Some(AttributeKey[scala.collection.Seq[java.lang.String]]("javaOptions") in Scope(Build: file:/home/administrator/Documents/March/play-java-intro/, )),true,None)
Sending msg to client play-fork-run-dcfda291-5404-4c89-806d-0db156c27dff: TaskFinished(98,12972,Some(AttributeKey[sbt.Settings[sbt.Scope]]("settingsData") in Scope(Global)),true,None)
Sending msg to client play-fork-run-dcfda291-5404-4c89-806d-0db156c27dff: TaskStarted(98,12970,None)
Sending msg to client play-fork-run-dcfda291-5404-4c89-806d-0db156c27dff: TaskStarted(98,12985,Some(AttributeKey[scala.collection.immutable.Map[org.apache.ivy.core.module.id.ModuleRevisionId,org.apache.ivy.core.module.descriptor.ModuleDescriptor]]("projectDescriptors") in Scope(Build: file:/home/administrator/Documents/March/play-java-intro/, , Project: ProjectReference(file:/home/administrator/Documents/March/play-java-intro/,root))))
Sending msg to client play-fork-run-dcfda291-5404-4c89-806d-0db156c27dff: TaskStarted(98,12990,Some(AttributeKey[scala.collection.Seq[sbt.ModuleID]]("projectDependencies") in Scope(Build: file:/home/administrator/Documents/March/play-java-intro/, , Project: ProjectReference(file:/home/administrator/Documents/March/play-java-intro/,root))))
Sending msg to client play-fork-run-dcfda291-5404-4c89-806d-0db156c27dff: TaskStarted(98,12993,Some(AttributeKey[scala.collection.Seq[java.io.File]]("playMonitoredFiles") in Scope(Build: file:/home/administrator/Documents/March/play-java-intro/, , Project: ProjectReference(file:/home/administrator/Documents/March/play-java-intro/,root))))
Sending msg to client play-fork-run-dcfda291-5404-4c89-806d-0db156c27dff: TaskStarted(98,13005,None)
Sending msg to client play-fork-run-dcfda291-5404-4c89-806d-0db156c27dff: TaskFinished(98,12966,Some(AttributeKey[scala.collection.immutable.Map[sbt.ModuleID,sbt.SourcePosition]]("dependencyPositions") in Scope(Build: file:/home/administrator/Documents/March/play-java-intro/, , Project: ProjectReference(file:/home/administrator/Documents/March/play-java-intro/,root))),true,None)
Sending msg to client play-fork-run-dcfda291-5404-4c89-806d-0db156c27dff: TaskStarted(98,12965,Some(AttributeKey[sbt.UnresolvedWarningConfiguration]("unresolvedWarningConfiguration") in Scope(Build: file:/home/administrator/Documents/March/play-java-intro/, , Project: ProjectReference(file:/home/administrator/Documents/March/play-java-intro/,root), Task: AttributeKey[sbt.UpdateReport]("update"))))
Sending msg to client play-fork-run-dcfda291-5404-4c89-806d-0db156c27dff: TaskFinished(98,12961,Some(AttributeKey[scala.collection.Seq[sbt.UpdateReport]]("transitiveUpdate") in Scope(Build: file:/home/administrator/Documents/March/play-java-intro/, , Project: ProjectReference(file:/home/administrator/Documents/March/play-java-intro/,root))),true,None)
Sending msg to client play-fork-run-dcfda291-5404-4c89-806d-0db156c27dff: TaskStarted(98,13014,None)
Sending msg to client play-fork-run-dcfda291-5404-4c89-806d-0db156c27dff: TaskStarted(98,13016,None)
Sending msg to client play-fork-run-dcfda291-5404-4c89-806d-0db156c27dff: TaskFinished(98,12990,Some(AttributeKey[scala.collection.Seq[sbt.ModuleID]]("projectDependencies") in Scope(Build: file:/home/administrator/Documents/March/play-java-intro/, , Project: ProjectReference(file:/home/administrator/Documents/March/play-java-intro/,root))),true,None)
Sending msg to client play-fork-run-dcfda291-5404-4c89-806d-0db156c27dff: TaskStarted(98,12989,Some(AttributeKey[scala.collection.Seq[sbt.ModuleID]]("allDependencies") in Scope(Build: file:/home/administrator/Documents/March/play-java-intro/, , Project: ProjectReference(file:/home/administrator/Documents/March/play-java-intro/,root))))
Sending msg to client play-fork-run-dcfda291-5404-4c89-806d-0db156c27dff: TaskStarted(98,13017,None)
Sending msg to client play-fork-run-dcfda291-5404-4c89-806d-0db156c27dff: TaskStarted(98,13021,None)
Sending msg to client play-fork-run-dcfda291-5404-4c89-806d-0db156c27dff: TaskStarted(98,13022,None)
Sending msg to client play-fork-run-dcfda291-5404-4c89-806d-0db156c27dff: TaskStarted(98,13025,None)
Sending msg to client play-fork-run-dcfda291-5404-4c89-806d-0db156c27dff: TaskStarted(98,13026,None)
Sending msg to client play-fork-run-dcfda291-5404-4c89-806d-0db156c27dff: TaskStarted(98,13028,None)
Sending msg to client play-fork-run-dcfda291-5404-4c89-806d-0db156c27dff: TaskFinished(98,12965,Some(AttributeKey[sbt.UnresolvedWarningConfiguration]("unresolvedWarningConfiguration") in Scope(Build: file:/home/administrator/Documents/March/play-java-intro/, , Project: ProjectReference(file:/home/administrator/Documents/March/play-java-intro/,root), Task: AttributeKey[sbt.UpdateReport]("update"))),true,None)
Sending msg to client play-fork-run-dcfda291-5404-4c89-806d-0db156c27dff: TaskFinished(98,13014,None,true,None)
Sending msg to client play-fork-run-dcfda291-5404-4c89-806d-0db156c27dff: TaskFinished(98,12970,None,true,None)
Sending msg to client play-fork-run-dcfda291-5404-4c89-806d-0db156c27dff: TaskFinished(98,13016,None,true,None)
Sending msg to client play-fork-run-dcfda291-5404-4c89-806d-0db156c27dff: TaskStarted(98,13015,None)
Sending msg to client play-fork-run-dcfda291-5404-4c89-806d-0db156c27dff: TaskFinished(98,12989,Some(AttributeKey[scala.collection.Seq[sbt.ModuleID]]("allDependencies") in Scope(Build: file:/home/administrator/Documents/March/play-java-intro/, , Project: ProjectReference(file:/home/administrator/Documents/March/play-java-intro/,root))),true,None)
Sending msg to client play-fork-run-dcfda291-5404-4c89-806d-0db156c27dff: TaskStarted(98,12988,Some(AttributeKey[sbt.ModuleSettings]("moduleSettings") in Scope(Build: file:/home/administrator/Documents/March/play-java-intro/, , Project: ProjectReference(file:/home/administrator/Documents/March/play-java-intro/,root))))
Sending msg to client play-fork-run-dcfda291-5404-4c89-806d-0db156c27dff: TaskFinished(98,13017,None,true,None)
Sending msg to client play-fork-run-dcfda291-5404-4c89-806d-0db156c27dff: TaskFinished(98,12993,Some(AttributeKey[scala.collection.Seq[java.io.File]]("playMonitoredFiles") in Scope(Build: file:/home/administrator/Documents/March/play-java-intro/, , Project: ProjectReference(file:/home/administrator/Documents/March/play-java-intro/,root))),true,None)
Sending msg to client play-fork-run-dcfda291-5404-4c89-806d-0db156c27dff: TaskFinished(98,13021,None,true,None)
Sending msg to client play-fork-run-dcfda291-5404-4c89-806d-0db156c27dff: TaskFinished(98,13022,None,true,None)
Sending msg to client play-fork-run-dcfda291-5404-4c89-806d-0db156c27dff: TaskStarted(98,13020,Some(AttributeKey[scala.collection.Seq[sbt.Attributed[java.io.File]]]("unmanagedJars") in Scope(Build: file:/home/administrator/Documents/March/play-java-intro/, , Project: ProjectReference(file:/home/administrator/Documents/March/play-java-intro/,root), Config: runtime)))
Sending msg to client play-fork-run-dcfda291-5404-4c89-806d-0db156c27dff: TaskFinished(98,13025,None,true,None)
Sending msg to client play-fork-run-dcfda291-5404-4c89-806d-0db156c27dff: TaskFinished(98,13026,None,true,None)
Sending msg to client play-fork-run-dcfda291-5404-4c89-806d-0db156c27dff: TaskStarted(98,13024,Some(AttributeKey[scala.collection.Seq[sbt.Attributed[java.io.File]]]("unmanagedJars") in Scope(Build: file:/home/administrator/Documents/March/play-java-intro/, , Project: ProjectReference(file:/home/administrator/Documents/March/play-java-intro/,root), Config: compile)))
Sending msg to client play-fork-run-dcfda291-5404-4c89-806d-0db156c27dff: TaskFinished(98,13028,None,true,None)
Sending msg to client play-fork-run-dcfda291-5404-4c89-806d-0db156c27dff: TaskStarted(98,13027,None)
Sending msg to client play-fork-run-dcfda291-5404-4c89-806d-0db156c27dff: TaskFinished(98,13004,None,true,None)
Sending msg to client play-fork-run-dcfda291-5404-4c89-806d-0db156c27dff: TaskFinished(98,12988,Some(AttributeKey[sbt.ModuleSettings]("moduleSettings") in Scope(Build: file:/home/administrator/Documents/March/play-java-intro/, , Project: ProjectReference(file:/home/administrator/Documents/March/play-java-intro/,root))),true,None)
Sending msg to client play-fork-run-dcfda291-5404-4c89-806d-0db156c27dff: TaskFinished(98,13015,None,true,None)
Sending msg to client play-fork-run-dcfda291-5404-4c89-806d-0db156c27dff: TaskFinished(98,12985,Some(AttributeKey[scala.collection.immutable.Map[org.apache.ivy.core.module.id.ModuleRevisionId,org.apache.ivy.core.module.descriptor.ModuleDescriptor]]("projectDescriptors") in Scope(Build: file:/home/administrator/Documents/March/play-java-intro/, , Project: ProjectReference(file:/home/administrator/Documents/March/play-java-intro/,root))),true,None)
Sending msg to client play-fork-run-dcfda291-5404-4c89-806d-0db156c27dff: TaskStarted(98,12984,Some(AttributeKey[sbt.Resolver]("projectResolver") in Scope(Build: file:/home/administrator/Documents/March/play-java-intro/, , Project: ProjectReference(file:/home/administrator/Documents/March/play-java-intro/,root))))
Sending msg to client play-fork-run-dcfda291-5404-4c89-806d-0db156c27dff: TaskFinished(98,13020,Some(AttributeKey[scala.collection.Seq[sbt.Attributed[java.io.File]]]("unmanagedJars") in Scope(Build: file:/home/administrator/Documents/March/play-java-intro/, , Project: ProjectReference(file:/home/administrator/Documents/March/play-java-intro/,root), Config: runtime)),true,None)
Sending msg to client play-fork-run-dcfda291-5404-4c89-806d-0db156c27dff: TaskStarted(98,13029,None)
Sending msg to client play-fork-run-dcfda291-5404-4c89-806d-0db156c27dff: TaskFinished(98,13024,Some(AttributeKey[scala.collection.Seq[sbt.Attributed[java.io.File]]]("unmanagedJars") in Scope(Build: file:/home/administrator/Documents/March/play-java-intro/, , Project: ProjectReference(file:/home/administrator/Documents/March/play-java-intro/,root), Config: compile)),true,None)
Sending msg to client play-fork-run-dcfda291-5404-4c89-806d-0db156c27dff: TaskFinished(98,12984,Some(AttributeKey[sbt.Resolver]("projectResolver") in Scope(Build: file:/home/administrator/Documents/March/play-java-intro/, , Project: ProjectReference(file:/home/administrator/Documents/March/play-java-intro/,root))),true,None)
Sending msg to client play-fork-run-dcfda291-5404-4c89-806d-0db156c27dff: TaskStarted(98,12981,Some(AttributeKey[scala.collection.Seq[sbt.Resolver]]("fullResolvers") in Scope(Build: file:/home/administrator/Documents/March/play-java-intro/, , Project: ProjectReference(file:/home/administrator/Documents/March/play-java-intro/,root))))
Sending msg to client play-fork-run-dcfda291-5404-4c89-806d-0db156c27dff: TaskFinished(98,13029,None,true,None)
Sending msg to client play-fork-run-dcfda291-5404-4c89-806d-0db156c27dff: TaskFinished(98,13027,None,true,None)
Sending msg to client play-fork-run-dcfda291-5404-4c89-806d-0db156c27dff: TaskStarted(98,13023,Some(AttributeKey[scala.collection.Seq[sbt.Attributed[java.io.File]]]("unmanagedJars") in Scope(Build: file:/home/administrator/Documents/March/play-java-intro/, , Project: ProjectReference(file:/home/administrator/Documents/March/play-java-intro/,root), Config: compile)))
Sending msg to client play-fork-run-dcfda291-5404-4c89-806d-0db156c27dff: TaskFinished(98,12981,Some(AttributeKey[scala.collection.Seq[sbt.Resolver]]("fullResolvers") in Scope(Build: file:/home/administrator/Documents/March/play-java-intro/, , Project: ProjectReference(file:/home/administrator/Documents/March/play-java-intro/,root))),true,None)
Sending msg to client play-fork-run-dcfda291-5404-4c89-806d-0db156c27dff: TaskStarted(98,12980,Some(AttributeKey[sbt.IvyConfiguration]("ivyConfiguration") in Scope(Build: file:/home/administrator/Documents/March/play-java-intro/, , Project: ProjectReference(file:/home/administrator/Documents/March/play-java-intro/,root))))
Sending msg to client play-fork-run-dcfda291-5404-4c89-806d-0db156c27dff: TaskFinished(98,13023,Some(AttributeKey[scala.collection.Seq[sbt.Attributed[java.io.File]]]("unmanagedJars") in Scope(Build: file:/home/administrator/Documents/March/play-java-intro/, , Project: ProjectReference(file:/home/administrator/Documents/March/play-java-intro/,root), Config: compile)),true,None)
Sending msg to client play-fork-run-dcfda291-5404-4c89-806d-0db156c27dff: TaskStarted(98,13019,None)
Sending msg to client play-fork-run-dcfda291-5404-4c89-806d-0db156c27dff: TaskFinished(98,12980,Some(AttributeKey[sbt.IvyConfiguration]("ivyConfiguration") in Scope(Build: file:/home/administrator/Documents/March/play-java-intro/, , Project: ProjectReference(file:/home/administrator/Documents/March/play-java-intro/,root))),true,None)
Sending msg to client play-fork-run-dcfda291-5404-4c89-806d-0db156c27dff: TaskStarted(98,12977,Some(AttributeKey[sbt.IvySbt]("ivySbt") in Scope(Build: file:/home/administrator/Documents/March/play-java-intro/, , Project: ProjectReference(file:/home/administrator/Documents/March/play-java-intro/,root))))
Sending msg to client play-fork-run-dcfda291-5404-4c89-806d-0db156c27dff: TaskFinished(98,13019,None,true,None)
Sending msg to client play-fork-run-dcfda291-5404-4c89-806d-0db156c27dff: TaskStarted(98,13018,None)
Sending msg to client play-fork-run-dcfda291-5404-4c89-806d-0db156c27dff: TaskFinished(98,12977,Some(AttributeKey[sbt.IvySbt]("ivySbt") in Scope(Build: file:/home/administrator/Documents/March/play-java-intro/, , Project: ProjectReference(file:/home/administrator/Documents/March/play-java-intro/,root))),true,None)
Sending msg to client play-fork-run-dcfda291-5404-4c89-806d-0db156c27dff: TaskStarted(98,12976,Some(AttributeKey[sbt.IvySbt$Module]("ivyModule") in Scope(Build: file:/home/administrator/Documents/March/play-java-intro/, , Project: ProjectReference(file:/home/administrator/Documents/March/play-java-intro/,root))))
Sending msg to client play-fork-run-dcfda291-5404-4c89-806d-0db156c27dff: TaskFinished(98,13018,None,true,None)
Sending msg to client play-fork-run-dcfda291-5404-4c89-806d-0db156c27dff: TaskFinished(98,13005,None,true,None)
Sending msg to client play-fork-run-dcfda291-5404-4c89-806d-0db156c27dff: TaskStarted(98,13003,Some(AttributeKey[scala.collection.Seq[sbt.Attributed[java.io.File]]]("unmanagedClasspath") in Scope(Build: file:/home/administrator/Documents/March/play-java-intro/, , Project: ProjectReference(file:/home/administrator/Documents/March/play-java-intro/,root), Config: runtime)))
Sending msg to client play-fork-run-dcfda291-5404-4c89-806d-0db156c27dff: TaskFinished(98,13003,Some(AttributeKey[scala.collection.Seq[sbt.Attributed[java.io.File]]]("unmanagedClasspath") in Scope(Build: file:/home/administrator/Documents/March/play-java-intro/, , Project: ProjectReference(file:/home/administrator/Documents/March/play-java-intro/,root), Config: runtime)),true,None)
Sending msg to client play-fork-run-dcfda291-5404-4c89-806d-0db156c27dff: TaskFinished(98,12976,Some(AttributeKey[sbt.IvySbt$Module]("ivyModule") in Scope(Build: file:/home/administrator/Documents/March/play-java-intro/, , Project: ProjectReference(file:/home/administrator/Documents/March/play-java-intro/,root))),true,None)
Sending msg to client play-fork-run-dcfda291-5404-4c89-806d-0db156c27dff: TaskStarted(98,12959,Some(AttributeKey[sbt.UpdateReport]("update") in Scope(Build: file:/home/administrator/Documents/March/play-java-intro/, , Project: ProjectReference(file:/home/administrator/Documents/March/play-java-intro/,root))))
Sending msg to client play-fork-run-dcfda291-5404-4c89-806d-0db156c27dff: TaskFinished(98,12959,Some(AttributeKey[sbt.UpdateReport]("update") in Scope(Build: file:/home/administrator/Documents/March/play-java-intro/, , Project: ProjectReference(file:/home/administrator/Documents/March/play-java-intro/,root))),true,None)
Sending msg to client play-fork-run-dcfda291-5404-4c89-806d-0db156c27dff: TaskStarted(98,12958,Some(AttributeKey[sbt.UpdateReport]("update") in Scope(Build: file:/home/administrator/Documents/March/play-java-intro/, , Project: ProjectReference(file:/home/administrator/Documents/March/play-java-intro/,root))))
Sending msg to client play-fork-run-dcfda291-5404-4c89-806d-0db156c27dff: TaskFinished(98,12958,Some(AttributeKey[sbt.UpdateReport]("update") in Scope(Build: file:/home/administrator/Documents/March/play-java-intro/, , Project: ProjectReference(file:/home/administrator/Documents/March/play-java-intro/,root))),true,None)
Sending msg to client play-fork-run-dcfda291-5404-4c89-806d-0db156c27dff: TaskStarted(98,12957,Some(AttributeKey[scala.collection.Seq[sbt.Attributed[java.io.File]]]("managedClasspath") in Scope(Build: file:/home/administrator/Documents/March/play-java-intro/, , Project: ProjectReference(file:/home/administrator/Documents/March/play-java-intro/,root), Config: docs)))
Sending msg to client play-fork-run-dcfda291-5404-4c89-806d-0db156c27dff: TaskStarted(98,13010,Some(AttributeKey[sbt.Configuration]("classpathConfiguration") in Scope(Build: file:/home/administrator/Documents/March/play-java-intro/, , Project: ProjectReference(file:/home/administrator/Documents/March/play-java-intro/,root), Config: compile)))
Sending msg to client play-fork-run-dcfda291-5404-4c89-806d-0db156c27dff: TaskFinished(98,13010,Some(AttributeKey[sbt.Configuration]("classpathConfiguration") in Scope(Build: file:/home/administrator/Documents/March/play-java-intro/, , Project: ProjectReference(file:/home/administrator/Documents/March/play-java-intro/,root), Config: compile)),true,None)
Sending msg to client play-fork-run-dcfda291-5404-4c89-806d-0db156c27dff: TaskStarted(98,13009,None)
Sending msg to client play-fork-run-dcfda291-5404-4c89-806d-0db156c27dff: TaskFinished(98,13009,None,true,None)
Sending msg to client play-fork-run-dcfda291-5404-4c89-806d-0db156c27dff: TaskStarted(98,13008,Some(AttributeKey[sbt.Configuration]("classpathConfiguration") in Scope(Build: file:/home/administrator/Documents/March/play-java-intro/, , Project: ProjectReference(file:/home/administrator/Documents/March/play-java-intro/,root), Config: runtime)))
Sending msg to client play-fork-run-dcfda291-5404-4c89-806d-0db156c27dff: TaskFinished(98,13008,Some(AttributeKey[sbt.Configuration]("classpathConfiguration") in Scope(Build: file:/home/administrator/Documents/March/play-java-intro/, , Project: ProjectReference(file:/home/administrator/Documents/March/play-java-intro/,root), Config: runtime)),true,None)
Sending msg to client play-fork-run-dcfda291-5404-4c89-806d-0db156c27dff: TaskStarted(98,13007,None)
Sending msg to client play-fork-run-dcfda291-5404-4c89-806d-0db156c27dff: TaskFinished(98,13007,None,true,None)
Sending msg to client play-fork-run-dcfda291-5404-4c89-806d-0db156c27dff: TaskStarted(98,13006,Some(AttributeKey[scala.collection.Seq[sbt.Attributed[java.io.File]]]("managedClasspath") in Scope(Build: file:/home/administrator/Documents/March/play-java-intro/, , Project: ProjectReference(file:/home/administrator/Documents/March/play-java-intro/,root), Config: runtime)))
Sending msg to client play-fork-run-dcfda291-5404-4c89-806d-0db156c27dff: TaskFinished(98,13006,Some(AttributeKey[scala.collection.Seq[sbt.Attributed[java.io.File]]]("managedClasspath") in Scope(Build: file:/home/administrator/Documents/March/play-java-intro/, , Project: ProjectReference(file:/home/administrator/Documents/March/play-java-intro/,root), Config: runtime)),true,None)
Sending msg to client play-fork-run-dcfda291-5404-4c89-806d-0db156c27dff: TaskStarted(98,13002,None)
Sending msg to client play-fork-run-dcfda291-5404-4c89-806d-0db156c27dff: TaskFinished(98,13002,None,true,None)
Sending msg to client play-fork-run-dcfda291-5404-4c89-806d-0db156c27dff: TaskStarted(98,13000,Some(AttributeKey[scala.collection.Seq[sbt.Attributed[java.io.File]]]("playDependencyClasspath") in Scope(Build: file:/home/administrator/Documents/March/play-java-intro/, , Project: ProjectReference(file:/home/administrator/Documents/March/play-java-intro/,root))))
Sending msg to client play-fork-run-dcfda291-5404-4c89-806d-0db156c27dff: TaskFinished(98,12957,Some(AttributeKey[scala.collection.Seq[sbt.Attributed[java.io.File]]]("managedClasspath") in Scope(Build: file:/home/administrator/Documents/March/play-java-intro/, , Project: ProjectReference(file:/home/administrator/Documents/March/play-java-intro/,root), Config: docs)),true,None)
Sending msg to client play-fork-run-dcfda291-5404-4c89-806d-0db156c27dff: TaskStarted(98,13013,Some(AttributeKey[scala.Option[java.io.File]]("playDocsJar") in Scope(Build: file:/home/administrator/Documents/March/play-java-intro/, , Project: ProjectReference(file:/home/administrator/Documents/March/play-java-intro/,root))))
Sending msg to client play-fork-run-dcfda291-5404-4c89-806d-0db156c27dff: TaskFinished(98,13000,Some(AttributeKey[scala.collection.Seq[sbt.Attributed[java.io.File]]]("playDependencyClasspath") in Scope(Build: file:/home/administrator/Documents/March/play-java-intro/, , Project: ProjectReference(file:/home/administrator/Documents/March/play-java-intro/,root))),true,None)
Sending msg to client play-fork-run-dcfda291-5404-4c89-806d-0db156c27dff: TaskFinished(98,13013,Some(AttributeKey[scala.Option[java.io.File]]("playDocsJar") in Scope(Build: file:/home/administrator/Documents/March/play-java-intro/, , Project: ProjectReference(file:/home/administrator/Documents/March/play-java-intro/,root))),true,None)
Sending msg to client play-fork-run-dcfda291-5404-4c89-806d-0db156c27dff: TaskStarted(98,12956,Some(AttributeKey[play.forkrun.protocol.ForkConfig]("playForkConfig") in Scope(Build: file:/home/administrator/Documents/March/play-java-intro/, , Project: ProjectReference(file:/home/administrator/Documents/March/play-java-intro/,root))))
Sending msg to client play-fork-run-dcfda291-5404-4c89-806d-0db156c27dff: TaskFinished(98,12956,Some(AttributeKey[play.forkrun.protocol.ForkConfig]("playForkConfig") in Scope(Build: file:/home/administrator/Documents/March/play-java-intro/, , Project: ProjectReference(file:/home/administrator/Documents/March/play-java-intro/,root))),true,None)
Sending msg to client play-fork-run-dcfda291-5404-4c89-806d-0db156c27dff: ValueChanged(AttributeKey[play.forkrun.protocol.ForkConfig]("playForkConfig") in Scope(Build: file:/home/administrator/Documents/March/play-java-intro/, , Project: ProjectReference(file:/home/administrator/Documents/March/play-java-intro/,root)),TaskSuccess(BuildValue(LazyValue(ForkConfig(/home/administrator/Documents/March/play-java-intro,List(-Djna.nosys=true),List(/home/administrator/Documents/March/play-java-intro/lib/ojdbc6.jar, /home/administrator/.ivy2/cache/org.scala-lang/scala-library/jars/scala-library-2.11.7.jar, /home/administrator/.ivy2/cache/com.typesafe.play/play-enhancer/jars/play-enhancer-1.1.0.jar, /home/administrator/.ivy2/cache/com.typesafe.play/twirl-api_2.11/jars/twirl-api_2.11-1.1.1.jar, /home/administrator/.ivy2/cache/org.apache.commons/commons-lang3/jars/commons-lang3-3.4.jar, /home/administrator/.ivy2/cache/org.scala-lang.modules/scala-xml_2.11/bundles/scala-xml_2.11-1.0.1.jar, /home/administrator/.ivy2/cache/com.typesafe.play/play-ebean_2.11/jars/play-ebean_2.11-1.0.0.jar, /home/administrator/.ivy2/cache/org.javassist/javassist/bundles/javassist-3.19.0-GA.jar, /home/administrator/.ivy2/cache/org.scala-stm/scala-stm_2.11/jars/scala-stm_2.11-0.7.jar, /home/administrator/.ivy2/cache/com.typesafe/config/bundles/config-1.3.0.jar, /home/administrator/.ivy2/cache/org.joda/joda-convert/jars/joda-convert-1.7.jar, /home/administrator/.ivy2/cache/org.scala-lang/scala-reflect/jars/scala-reflect-2.11.6.jar, /home/administrator/.ivy2/cache/org.slf4j/slf4j-api/jars/slf4j-api-1.7.12.jar, /home/administrator/.ivy2/cache/org.slf4j/jul-to-slf4j/jars/jul-to-slf4j-1.7.12.jar, /home/administrator/.ivy2/cache/org.slf4j/jcl-over-slf4j/jars/jcl-over-slf4j-1.7.12.jar, /home/administrator/.ivy2/cache/org.scala-lang.modules/scala-parser-combinators_2.11/bundles/scala-parser-combinators_2.11-1.0.1.jar, /home/administrator/.ivy2/cache/ch.qos.logback/logback-core/jars/logback-core-1.1.3.jar, /home/administrator/.ivy2/cache/ch.qos.logback/logback-classic/jars/logback-classic-1.1.3.jar, /home/administrator/.ivy2/cache/commons-codec/commons-codec/jars/commons-codec-1.10.jar, /home/administrator/.ivy2/cache/xerces/xercesImpl/jars/xercesImpl-2.11.0.jar, /home/administrator/.ivy2/cache/xml-apis/xml-apis/jars/xml-apis-1.4.01.jar, /home/administrator/.ivy2/cache/javax.transaction/jta/jars/jta-1.1.jar, /home/administrator/.ivy2/cache/com.google.inject/guice/jars/guice-4.0.jar, /home/administrator/.ivy2/cache/javax.inject/javax.inject/jars/javax.inject-1.jar, /home/administrator/.ivy2/cache/aopalliance/aopalliance/jars/aopalliance-1.0.jar, /home/administrator/.ivy2/cache/com.google.inject.extensions/guice-assistedinject/jars/guice-assistedinject-4.0.jar, /home/administrator/.ivy2/cache/com.jolbox/bonecp/bundles/bonecp-0.8.0.RELEASE.jar, /home/administrator/.ivy2/cache/com.zaxxer/HikariCP/bundles/HikariCP-2.3.7.jar, /home/administrator/.ivy2/cache/com.h2database/h2/jars/h2-1.4.187.jar, /home/administrator/.ivy2/cache/tyrex/tyrex/jars/tyrex-1.0.1.jar, /home/administrator/.ivy2/cache/com.typesafe.play/play-java_2.11/jars/play-java_2.11-2.4.6.jar, /home/administrator/.ivy2/cache/com.typesafe.play/play_2.11/jars/play_2.11-2.4.6.jar, /home/administrator/.ivy2/cache/com.typesafe.play/build-link/jars/build-link-2.4.6.jar, /home/administrator/.ivy2/cache/com.typesafe.play/play-exceptions/jars/play-exceptions-2.4.6.jar, /home/administrator/.ivy2/cache/com.typesafe.play/play-iteratees_2.11/jars/play-iteratees_2.11-2.4.6.jar, /home/administrator/.ivy2/cache/com.typesafe.play/play-json_2.11/jars/play-json_2.11-2.4.6.jar, /home/administrator/.ivy2/cache/com.typesafe.play/play-functional_2.11/jars/play-functional_2.11-2.4.6.jar, /home/administrator/.ivy2/cache/com.typesafe.play/play-datacommons_2.11/jars/play-datacommons_2.11-2.4.6.jar, /home/administrator/.ivy2/cache/joda-time/joda-time/jars/joda-time-2.8.1.jar, /home/administrator/.ivy2/cache/com.fasterxml.jackson.core/jackson-core/bundles/jackson-core-2.5.4.jar, /home/administrator/.ivy2/cache/com.fasterxml.jackson.core/jackson-annotations/bundles/jackson-annotations-2.5.4.jar, /home/administrator/.ivy2/cache/com.fasterxml.jackson.core/jackson-databind/bundles/jackson-databind-2.5.4.jar, /home/administrator/.ivy2/cache/com.fasterxml.jackson.datatype/jackson-datatype-jdk8/bundles/jackson-datatype-jdk8-2.5.4.jar, /home/administrator/.ivy2/cache/com.fasterxml.jackson.datatype/jackson-datatype-jsr310/bundles/jackson-datatype-jsr310-2.5.4.jar, /home/administrator/.ivy2/cache/com.typesafe.play/play-netty-utils/jars/play-netty-utils-2.4.6.jar, /home/administrator/.ivy2/cache/com.typesafe.akka/akka-actor_2.11/jars/akka-actor_2.11-2.3.13.jar, /home/administrator/.ivy2/cache/com.typesafe.akka/akka-slf4j_2.11/jars/akka-slf4j_2.11-2.3.13.jar, /home/administrator/.ivy2/cache/org.scala-lang.modules/scala-java8-compat_2.11/bundles/scala-java8-compat_2.11-0.3.0.jar, /home/administrator/.ivy2/cache/org.yaml/snakeyaml/bundles/snakeyaml-1.15.jar, /home/administrator/.ivy2/cache/org.hibernate/hibernate-validator/jars/hibernate-validator-5.0.3.Final.jar, /home/administrator/.ivy2/cache/javax.validation/validation-api/jars/validation-api-1.1.0.Final.jar, /home/administrator/.ivy2/cache/com.fasterxml/classmate/bundles/classmate-1.0.0.jar, /home/administrator/.ivy2/cache/org.jboss.logging/jboss-logging/jars/jboss-logging-3.2.1.Final.jar, /home/administrator/.ivy2/cache/org.springframework/spring-context/jars/spring-context-4.1.6.RELEASE.jar, /home/administrator/.ivy2/cache/org.springframework/spring-core/jars/spring-core-4.1.6.RELEASE.jar, /home/administrator/.ivy2/cache/org.springframework/spring-beans/jars/spring-beans-4.1.6.RELEASE.jar, /home/administrator/.ivy2/cache/org.reflections/reflections/jars/reflections-0.9.9.jar, /home/administrator/.ivy2/cache/net.jodah/typetools/bundles/typetools-0.4.3.jar, /home/administrator/.ivy2/cache/com.google.guava/guava/bundles/guava-18.0.jar, /home/administrator/.ivy2/cache/com.google.code.findbugs/jsr305/jars/jsr305-2.0.3.jar, /home/administrator/.ivy2/cache/org.apache.tomcat/tomcat-servlet-api/jars/tomcat-servlet-api-8.0.21.jar, /home/administrator/.ivy2/cache/com.typesafe.play/play-jdbc-evolutions_2.11/jars/play-jdbc-evolutions_2.11-2.4.0.jar, /home/administrator/.ivy2/cache/org.avaje.ebeanorm/avaje-ebeanorm/jars/avaje-ebeanorm-4.6.2.jar, /home/administrator/.ivy2/cache/javax.persistence/persistence-api/jars/persistence-api-1.0.jar, /home/administrator/.ivy2/cache/org.avaje.ebeanorm/avaje-ebeanorm-agent/jars/avaje-ebeanorm-agent-4.5.3.jar, /home/administrator/.ivy2/cache/com.typesafe.play/play-server_2.11/jars/play-server_2.11-2.4.6.jar, /home/administrator/.ivy2/cache/com.typesafe.play/play-netty-server_2.11/jars/play-netty-server_2.11-2.4.6.jar, /home/administrator/.ivy2/cache/io.netty/netty/bundles/netty-3.10.4.Final.jar, /home/administrator/.ivy2/cache/com.typesafe.netty/netty-http-pipelining/jars/netty-http-pipelining-1.1.4.jar, /home/administrator/.ivy2/cache/com.typesafe.play/play-java-jpa_2.11/jars/play-java-jpa_2.11-2.4.6.jar, /home/administrator/.ivy2/cache/com.typesafe.play/play-java-jdbc_2.11/jars/play-java-jdbc_2.11-2.4.6.jar, /home/administrator/.ivy2/cache/com.typesafe.play/play-jdbc_2.11/jars/play-jdbc_2.11-2.4.6.jar, /home/administrator/.ivy2/cache/com.typesafe.play/play-jdbc-api_2.11/jars/play-jdbc-api_2.11-2.4.6.jar, /home/administrator/.ivy2/cache/org.hibernate.javax.persistence/hibernate-jpa-2.1-api/jars/hibernate-jpa-2.1-api-1.0.0.Final.jar, /home/administrator/.ivy2/cache/org.hibernate/hibernate-entitymanager/jars/hibernate-entitymanager-4.3.7.Final.jar, /home/administrator/.ivy2/cache/org.jboss.logging/jboss-logging-annotations/jars/jboss-logging-annotations-1.2.0.Beta1.jar, /home/administrator/.ivy2/cache/org.hibernate/hibernate-core/jars/hibernate-core-4.3.7.Final.jar, /home/administrator/.ivy2/cache/org.jboss.spec.javax.transaction/jboss-transaction-api_1.2_spec/jars/jboss-transaction-api_1.2_spec-1.0.0.Final.jar, /home/administrator/.ivy2/cache/dom4j/dom4j/jars/dom4j-1.6.1.jar, /home/administrator/.ivy2/cache/org.hibernate.common/hibernate-commons-annotations/jars/hibernate-commons-annotations-4.0.5.Final.jar, /home/administrator/.ivy2/cache/antlr/antlr/jars/antlr-2.7.7.jar, /home/administrator/.ivy2/cache/org.jboss/jandex/jars/jandex-1.1.0.Final.jar),List((public/,/home/administrator/Documents/March/play-java-intro/target/web/public/main)),List(/home/administrator/.ivy2/cache/com.typesafe.play/play-omnidoc_2.11/jars/play-omnidoc_2.11-2.4.6.jar, /home/administrator/.ivy2/cache/org.scala-lang/scala-library/jars/scala-library-2.11.6.jar, /home/administrator/.ivy2/cache/com.typesafe.play/play-docs_2.11/jars/play-docs_2.11-2.4.6.jar, /home/administrator/.ivy2/cache/com.typesafe.play/play-netty-server_2.11/jars/play-netty-server_2.11-2.4.6.jar, /home/administrator/.ivy2/cache/com.typesafe.play/play-server_2.11/jars/play-server_2.11-2.4.6.jar, /home/administrator/.ivy2/cache/com.typesafe.play/play_2.11/jars/play_2.11-2.4.6.jar, /home/administrator/.ivy2/cache/com.typesafe.play/build-link/jars/build-link-2.4.6.jar, /home/administrator/.ivy2/cache/com.typesafe.play/play-exceptions/jars/play-exceptions-2.4.6.jar, /home/administrator/.ivy2/cache/org.javassist/javassist/bundles/javassist-3.19.0-GA.jar, /home/administrator/.ivy2/cache/com.typesafe.play/play-iteratees_2.11/jars/play-iteratees_2.11-2.4.6.jar, /home/administrator/.ivy2/cache/org.scala-stm/scala-stm_2.11/jars/scala-stm_2.11-0.7.jar, /home/administrator/.ivy2/cache/com.typesafe/config/bundles/config-1.3.0.jar, /home/administrator/.ivy2/cache/com.typesafe.play/play-json_2.11/jars/play-json_2.11-2.4.6.jar, /home/administrator/.ivy2/cache/com.typesafe.play/play-functional_2.11/jars/play-functional_2.11-2.4.6.jar, /home/administrator/.ivy2/cache/com.typesafe.play/play-datacommons_2.11/jars/play-datacommons_2.11-2.4.6.jar, /home/administrator/.ivy2/cache/joda-time/joda-time/jars/joda-time-2.8.1.jar, /home/administrator/.ivy2/cache/org.joda/joda-convert/jars/joda-convert-1.7.jar, /home/administrator/.ivy2/cache/org.scala-lang/scala-reflect/jars/scala-reflect-2.11.6.jar, /home/administrator/.ivy2/cache/com.fasterxml.jackson.core/jackson-core/bundles/jackson-core-2.5.4.jar, /home/administrator/.ivy2/cache/com.fasterxml.jackson.core/jackson-annotations/bundles/jackson-annotations-2.5.4.jar, /home/administrator/.ivy2/cache/com.fasterxml.jackson.core/jackson-databind/bundles/jackson-databind-2.5.4.jar, /home/administrator/.ivy2/cache/com.fasterxml.jackson.datatype/jackson-datatype-jdk8/bundles/jackson-datatype-jdk8-2.5.4.jar, /home/administrator/.ivy2/cache/com.fasterxml.jackson.datatype/jackson-datatype-jsr310/bundles/jackson-datatype-jsr310-2.5.4.jar, /home/administrator/.ivy2/cache/com.typesafe.play/play-netty-utils/jars/play-netty-utils-2.4.6.jar, /home/administrator/.ivy2/cache/org.slf4j/slf4j-api/jars/slf4j-api-1.7.12.jar, /home/administrator/.ivy2/cache/org.slf4j/jul-to-slf4j/jars/jul-to-slf4j-1.7.12.jar, /home/administrator/.ivy2/cache/org.slf4j/jcl-over-slf4j/jars/jcl-over-slf4j-1.7.12.jar, /home/administrator/.ivy2/cache/com.typesafe.play/twirl-api_2.11/jars/twirl-api_2.11-1.1.1.jar, /home/administrator/.ivy2/cache/org.apache.commons/commons-lang3/jars/commons-lang3-3.4.jar, /home/administrator/.ivy2/cache/org.scala-lang.modules/scala-xml_2.11/bundles/scala-xml_2.11-1.0.1.jar, /home/administrator/.ivy2/cache/org.scala-lang.modules/scala-parser-combinators_2.11/bundles/scala-parser-combinators_2.11-1.0.1.jar, /home/administrator/.ivy2/cache/ch.qos.logback/logback-core/jars/logback-core-1.1.3.jar, /home/administrator/.ivy2/cache/ch.qos.logback/logback-classic/jars/logback-classic-1.1.3.jar, /home/administrator/.ivy2/cache/com.typesafe.akka/akka-actor_2.11/jars/akka-actor_2.11-2.3.13.jar, /home/administrator/.ivy2/cache/com.typesafe.akka/akka-slf4j_2.11/jars/akka-slf4j_2.11-2.3.13.jar, /home/administrator/.ivy2/cache/commons-codec/commons-codec/jars/commons-codec-1.10.jar, /home/administrator/.ivy2/cache/xerces/xercesImpl/jars/xercesImpl-2.11.0.jar, /home/administrator/.ivy2/cache/xml-apis/xml-apis/jars/xml-apis-1.4.01.jar, /home/administrator/.ivy2/cache/javax.transaction/jta/jars/jta-1.1.jar, /home/administrator/.ivy2/cache/com.google.inject/guice/jars/guice-4.0.jar, /home/administrator/.ivy2/cache/javax.inject/javax.inject/jars/javax.inject-1.jar, /home/administrator/.ivy2/cache/aopalliance/aopalliance/jars/aopalliance-1.0.jar, /home/administrator/.ivy2/cache/com.google.guava/guava/bundles/guava-16.0.1.jar, /home/administrator/.ivy2/cache/com.google.inject.extensions/guice-assistedinject/jars/guice-assistedinject-4.0.jar, /home/administrator/.ivy2/cache/io.netty/netty/bundles/netty-3.10.4.Final.jar, /home/administrator/.ivy2/cache/com.typesafe.netty/netty-http-pipelining/jars/netty-http-pipelining-1.1.4.jar, /home/administrator/.ivy2/cache/com.typesafe.play/play-doc_2.11/jars/play-doc_2.11-1.2.2.jar, /home/administrator/.ivy2/cache/org.pegdown/pegdown/jars/pegdown-1.4.0.jar, /home/administrator/.ivy2/cache/org.parboiled/parboiled-java/bundles/parboiled-java-1.1.5.jar, /home/administrator/.ivy2/cache/org.parboiled/parboiled-core/bundles/parboiled-core-1.1.5.jar, /home/administrator/.ivy2/cache/org.ow2.asm/asm/jars/asm-4.1.jar, /home/administrator/.ivy2/cache/org.ow2.asm/asm-tree/jars/asm-tree-4.1.jar, /home/administrator/.ivy2/cache/org.ow2.asm/asm-analysis/jars/asm-analysis-4.1.jar, /home/administrator/.ivy2/cache/org.ow2.asm/asm-util/jars/asm-util-4.1.jar, /home/administrator/.ivy2/cache/commons-io/commons-io/jars/commons-io-2.4.jar),Some(/home/administrator/.ivy2/cache/com.typesafe.play/play-omnidoc_2.11/jars/play-omnidoc_2.11-2.4.6.jar),List(),9000,0.0.0.0,DefaultWatchService,List(/home/administrator/Documents/March/play-java-intro/public, /home/administrator/Documents/March/play-java-intro/conf, /home/administrator/Documents/March/play-java-intro/app),/home/administrator/Documents/March/play-java-intro/target,500,root/playForkNotifyStart,root/playForkReload,300000,play.core.server.DevServerStart),scala.pickling.PicklerUnpickler$DelegatingPicklerUnpickler@6f341e7d),ForkConfig(/home/administrator/Documents/March/play-java-intro,List(-Djna.nosys=true),List(/home/administrator/Documents/March/play-java-intro/lib/ojdbc6.jar, /home/administrator/.ivy2/cache/org.scala-lang/scala-library/jars/scala-library-2.11.7.jar, /home/administrator/.ivy2/cache/com.typesafe.play/play-enhancer/jars/play-enhancer-1.1.0.jar, /home/administrator/.ivy2/cache/com.typesafe.play/twirl-api_2.11/jars/twirl-api_2.11-1.1.1.jar, /home/administrator/.ivy2/cache/org.apache.commons/commons-lang3/jars/commons-lang3-3.4.jar, /home/administrator/.ivy2/cache/org.scala-lang.modules/scala-xml_2.11/bundles/scala-xml_2.11-1.0.1.jar, /home/administrator/.ivy2/cache/com.typesafe.play/play-ebean_2.11/jars/play-ebean_2.11-1.0.0.jar, /home/administrator/.ivy2/cache/org.javassist/javassist/bundles/javassist-3.19.0-GA.jar, /home/administrator/.ivy2/cache/org.scala-stm/scala-stm_2.11/jars/scala-stm_2.11-0.7.jar, /home/administrator/.ivy2/cache/com.typesafe/config/bundles/config-1.3.0.jar, /home/administrator/.ivy2/cache/org.joda/joda-convert/jars/joda-convert-1.7.jar, /home/administrator/.ivy2/cache/org.scala-lang/scala-reflect/jars/scala-reflect-2.11.6.jar, /home/administrator/.ivy2/cache/org.slf4j/slf4j-api/jars/slf4j-api-1.7.12.jar, /home/administrator/.ivy2/cache/org.slf4j/jul-to-slf4j/jars/jul-to-slf4j-1.7.12.jar, /home/administrator/.ivy2/cache/org.slf4j/jcl-over-slf4j/jars/jcl-over-slf4j-1.7.12.jar, /home/administrator/.ivy2/cache/org.scala-lang.modules/scala-parser-combinators_2.11/bundles/scala-parser-combinators_2.11-1.0.1.jar, /home/administrator/.ivy2/cache/ch.qos.logback/logback-core/jars/logback-core-1.1.3.jar, /home/administrator/.ivy2/cache/ch.qos.logback/logback-classic/jars/logback-classic-1.1.3.jar, /home/administrator/.ivy2/cache/commons-codec/commons-codec/jars/commons-codec-1.10.jar, /home/administrator/.ivy2/cache/xerces/xercesImpl/jars/xercesImpl-2.11.0.jar, /home/administrator/.ivy2/cache/xml-apis/xml-apis/jars/xml-apis-1.4.01.jar, /home/administrator/.ivy2/cache/javax.transaction/jta/jars/jta-1.1.jar, /home/administrator/.ivy2/cache/com.google.inject/guice/jars/guice-4.0.jar, /home/administrator/.ivy2/cache/javax.inject/javax.inject/jars/javax.inject-1.jar, /home/administrator/.ivy2/cache/aopalliance/aopalliance/jars/aopalliance-1.0.jar, /home/administrator/.ivy2/cache/com.google.inject.extensions/guice-assistedinject/jars/guice-assistedinject-4.0.jar, /home/administrator/.ivy2/cache/com.jolbox/bonecp/bundles/bonecp-0.8.0.RELEASE.jar, /home/administrator/.ivy2/cache/com.zaxxer/HikariCP/bundles/HikariCP-2.3.7.jar, /home/administrator/.ivy2/cache/com.h2database/h2/jars/h2-1.4.187.jar, /home/administrator/.ivy2/cache/tyrex/tyrex/jars/tyrex-1.0.1.jar, /home/administrator/.ivy2/cache/com.typesafe.play/play-java_2.11/jars/play-java_2.11-2.4.6.jar, /home/administrator/.ivy2/cache/com.typesafe.play/play_2.11/jars/play_2.11-2.4.6.jar, /home/administrator/.ivy2/cache/com.typesafe.play/build-link/jars/build-link-2.4.6.jar, /home/administrator/.ivy2/cache/com.typesafe.play/play-exceptions/jars/play-exceptions-2.4.6.jar, /home/administrator/.ivy2/cache/com.typesafe.play/play-iteratees_2.11/jars/play-iteratees_2.11-2.4.6.jar, /home/administrator/.ivy2/cache/com.typesafe.play/play-json_2.11/jars/play-json_2.11-2.4.6.jar, /home/administrator/.ivy2/cache/com.typesafe.play/play-functional_2.11/jars/play-functional_2.11-2.4.6.jar, /home/administrator/.ivy2/cache/com.typesafe.play/play-datacommons_2.11/jars/play-datacommons_2.11-2.4.6.jar, /home/administrator/.ivy2/cache/joda-time/joda-time/jars/joda-time-2.8.1.jar, /home/administrator/.ivy2/cache/com.fasterxml.jackson.core/jackson-core/bundles/jackson-core-2.5.4.jar, /home/administrator/.ivy2/cache/com.fasterxml.jackson.core/jackson-annotations/bundles/jackson-annotations-2.5.4.jar, /home/administrator/.ivy2/cache/com.fasterxml.jackson.core/jackson-databind/bundles/jackson-databind-2.5.4.jar, /home/administrator/.ivy2/cache/com.fasterxml.jackson.datatype/jackson-datatype-jdk8/bundles/jackson-datatype-jdk8-2.5.4.jar, /home/administrator/.ivy2/cache/com.fasterxml.jackson.datatype/jackson-datatype-jsr310/bundles/jackson-datatype-jsr310-2.5.4.jar, /home/administrator/.ivy2/cache/com.typesafe.play/play-netty-utils/jars/play-netty-utils-2.4.6.jar, /home/administrator/.ivy2/cache/com.typesafe.akka/akka-actor_2.11/jars/akka-actor_2.11-2.3.13.jar, /home/administrator/.ivy2/cache/com.typesafe.akka/akka-slf4j_2.11/jars/akka-slf4j_2.11-2.3.13.jar, /home/administrator/.ivy2/cache/org.scala-lang.modules/scala-java8-compat_2.11/bundles/scala-java8-compat_2.11-0.3.0.jar, /home/administrator/.ivy2/cache/org.yaml/snakeyaml/bundles/snakeyaml-1.15.jar, /home/administrator/.ivy2/cache/org.hibernate/hibernate-validator/jars/hibernate-validator-5.0.3.Final.jar, /home/administrator/.ivy2/cache/javax.validation/validation-api/jars/validation-api-1.1.0.Final.jar, /home/administrator/.ivy2/cache/com.fasterxml/classmate/bundles/classmate-1.0.0.jar, /home/administrator/.ivy2/cache/org.jboss.logging/jboss-logging/jars/jboss-logging-3.2.1.Final.jar, /home/administrator/.ivy2/cache/org.springframework/spring-context/jars/spring-context-4.1.6.RELEASE.jar, /home/administrator/.ivy2/cache/org.springframework/spring-core/jars/spring-core-4.1.6.RELEASE.jar, /home/administrator/.ivy2/cache/org.springframework/spring-beans/jars/spring-beans-4.1.6.RELEASE.jar, /home/administrator/.ivy2/cache/org.reflections/reflections/jars/reflections-0.9.9.jar, /home/administrator/.ivy2/cache/net.jodah/typetools/bundles/typetools-0.4.3.jar, /home/administrator/.ivy2/cache/com.google.guava/guava/bundles/guava-18.0.jar, /home/administrator/.ivy2/cache/com.google.code.findbugs/jsr305/jars/jsr305-2.0.3.jar, /home/administrator/.ivy2/cache/org.apache.tomcat/tomcat-servlet-api/jars/tomcat-servlet-api-8.0.21.jar, /home/administrator/.ivy2/cache/com.typesafe.play/play-jdbc-evolutions_2.11/jars/play-jdbc-evolutions_2.11-2.4.0.jar, /home/administrator/.ivy2/cache/org.avaje.ebeanorm/avaje-ebeanorm/jars/avaje-ebeanorm-4.6.2.jar, /home/administrator/.ivy2/cache/javax.persistence/persistence-api/jars/persistence-api-1.0.jar, /home/administrator/.ivy2/cache/org.avaje.ebeanorm/avaje-ebeanorm-agent/jars/avaje-ebeanorm-agent-4.5.3.jar, /home/administrator/.ivy2/cache/com.typesafe.play/play-server_2.11/jars/play-server_2.11-2.4.6.jar, /home/administrator/.ivy2/cache/com.typesafe.play/play-netty-server_2.11/jars/play-netty-server_2.11-2.4.6.jar, /home/administrator/.ivy2/cache/io.netty/netty/bundles/netty-3.10.4.Final.jar, /home/administrator/.ivy2/cache/com.typesafe.netty/netty-http-pipelining/jars/netty-http-pipelining-1.1.4.jar, /home/administrator/.ivy2/cache/com.typesafe.play/play-java-jpa_2.11/jars/play-java-jpa_2.11-2.4.6.jar, /home/administrator/.ivy2/cache/com.typesafe.play/play-java-jdbc_2.11/jars/play-java-jdbc_2.11-2.4.6.jar, /home/administrator/.ivy2/cache/com.typesafe.play/play-jdbc_2.11/jars/play-jdbc_2.11-2.4.6.jar, /home/administrator/.ivy2/cache/com.typesafe.play/play-jdbc-api_2.11/jars/play-jdbc-api_2.11-2.4.6.jar, /home/administrator/.ivy2/cache/org.hibernate.javax.persistence/hibernate-jpa-2.1-api/jars/hibernate-jpa-2.1-api-1.0.0.Final.jar, /home/administrator/.ivy2/cache/org.hibernate/hibernate-entitymanager/jars/hibernate-entitymanager-4.3.7.Final.jar, /home/administrator/.ivy2/cache/org.jboss.logging/jboss-logging-annotations/jars/jboss-logging-annotations-1.2.0.Beta1.jar, /home/administrator/.ivy2/cache/org.hibernate/hibernate-core/jars/hibernate-core-4.3.7.Final.jar, /home/administrator/.ivy2/cache/org.jboss.spec.javax.transaction/jboss-transaction-api_1.2_spec/jars/jboss-transaction-api_1.2_spec-1.0.0.Final.jar, /home/administrator/.ivy2/cache/dom4j/dom4j/jars/dom4j-1.6.1.jar, /home/administrator/.ivy2/cache/org.hibernate.common/hibernate-commons-annotations/jars/hibernate-commons-annotations-4.0.5.Final.jar, /home/administrator/.ivy2/cache/antlr/antlr/jars/antlr-2.7.7.jar, /home/administrator/.ivy2/cache/org.jboss/jandex/jars/jandex-1.1.0.Final.jar),List((public/,/home/administrator/Documents/March/play-java-intro/target/web/public/main)),List(/home/administrator/.ivy2/cache/com.typesafe.play/play-omnidoc_2.11/jars/play-omnidoc_2.11-2.4.6.jar, /home/administrator/.ivy2/cache/org.scala-lang/scala-library/jars/scala-library-2.11.6.jar, /home/administrator/.ivy2/cache/com.typesafe.play/play-docs_2.11/jars/play-docs_2.11-2.4.6.jar, /home/administrator/.ivy2/cache/com.typesafe.play/play-netty-server_2.11/jars/play-netty-server_2.11-2.4.6.jar, /home/administrator/.ivy2/cache/com.typesafe.play/play-server_2.11/jars/play-server_2.11-2.4.6.jar, /home/administrator/.ivy2/cache/com.typesafe.play/play_2.11/jars/play_2.11-2.4.6.jar, /home/administrator/.ivy2/cache/com.typesafe.play/build-link/jars/build-link-2.4.6.jar, /home/administrator/.ivy2/cache/com.typesafe.play/play-exceptions/jars/play-exceptions-2.4.6.jar, /home/administrator/.ivy2/cache/org.javassist/javassist/bundles/javassist-3.19.0-GA.jar, /home/administrator/.ivy2/cache/com.typesafe.play/play-iteratees_2.11/jars/play-iteratees_2.11-2.4.6.jar, /home/administrator/.ivy2/cache/org.scala-stm/scala-stm_2.11/jars/scala-stm_2.11-0.7.jar, /home/administrator/.ivy2/cache/com.typesafe/config/bundles/config-1.3.0.jar, /home/administrator/.ivy2/cache/com.typesafe.play/play-json_2.11/jars/play-json_2.11-2.4.6.jar, /home/administrator/.ivy2/cache/com.typesafe.play/play-functional_2.11/jars/play-functional_2.11-2.4.6.jar, /home/administrator/.ivy2/cache/com.typesafe.play/play-datacommons_2.11/jars/play-datacommons_2.11-2.4.6.jar, /home/administrator/.ivy2/cache/joda-time/joda-time/jars/joda-time-2.8.1.jar, /home/administrator/.ivy2/cache/org.joda/joda-convert/jars/joda-convert-1.7.jar, /home/administrator/.ivy2/cache/org.scala-lang/scala-reflect/jars/scala-reflect-2.11.6.jar, /home/administrator/.ivy2/cache/com.fasterxml.jackson.core/jackson-core/bundles/jackson-core-2.5.4.jar, /home/administrator/.ivy2/cache/com.fasterxml.jackson.core/jackson-annotations/bundles/jackson-annotations-2.5.4.jar, /home/administrator/.ivy2/cache/com.fasterxml.jackson.core/jackson-databind/bundles/jackson-databind-2.5.4.jar, /home/administrator/.ivy2/cache/com.fasterxml.jackson.datatype/jackson-datatype-jdk8/bundles/jackson-datatype-jdk8-2.5.4.jar, /home/administrator/.ivy2/cache/com.fasterxml.jackson.datatype/jackson-datatype-jsr310/bundles/jackson-datatype-jsr310-2.5.4.jar, /home/administrator/.ivy2/cache/com.typesafe.play/play-netty-utils/jars/play-netty-utils-2.4.6.jar, /home/administrator/.ivy2/cache/org.slf4j/slf4j-api/jars/slf4j-api-1.7.12.jar, /home/administrator/.ivy2/cache/org.slf4j/jul-to-slf4j/jars/jul-to-slf4j-1.7.12.jar, /home/administrator/.ivy2/cache/org.slf4j/jcl-over-slf4j/jars/jcl-over-slf4j-1.7.12.jar, /home/administrator/.ivy2/cache/com.typesafe.play/twirl-api_2.11/jars/twirl-api_2.11-1.1.1.jar, /home/administrator/.ivy2/cache/org.apache.commons/commons-lang3/jars/commons-lang3-3.4.jar, /home/administrator/.ivy2/cache/org.scala-lang.modules/scala-xml_2.11/bundles/scala-xml_2.11-1.0.1.jar, /home/administrator/.ivy2/cache/org.scala-lang.modules/scala-parser-combinators_2.11/bundles/scala-parser-combinators_2.11-1.0.1.jar, /home/administrator/.ivy2/cache/ch.qos.logback/logback-core/jars/logback-core-1.1.3.jar, /home/administrator/.ivy2/cache/ch.qos.logback/logback-classic/jars/logback-classic-1.1.3.jar, /home/administrator/.ivy2/cache/com.typesafe.akka/akka-actor_2.11/jars/akka-actor_2.11-2.3.13.jar, /home/administrator/.ivy2/cache/com.typesafe.akka/akka-slf4j_2.11/jars/akka-slf4j_2.11-2.3.13.jar, /home/administrator/.ivy2/cache/commons-codec/commons-codec/jars/commons-codec-1.10.jar, /home/administrator/.ivy2/cache/xerces/xercesImpl/jars/xercesImpl-2.11.0.jar, /home/administrator/.ivy2/cache/xml-apis/xml-apis/jars/xml-apis-1.4.01.jar, /home/administrator/.ivy2/cache/javax.transaction/jta/jars/jta-1.1.jar, /home/administrator/.ivy2/cache/com.google.inject/guice/jars/guice-4.0.jar, /home/administrator/.ivy2/cache/javax.inject/javax.inject/jars/javax.inject-1.jar, /home/administrator/.ivy2/cache/aopalliance/aopalliance/jars/aopalliance-1.0.jar, /home/administrator/.ivy2/cache/com.google.guava/guava/bundles/guava-16.0.1.jar, /home/administrator/.ivy2/cache/com.google.inject.extensions/guice-assistedinject/jars/guice-assistedinject-4.0.jar, /home/administrator/.ivy2/cache/io.netty/netty/bundles/netty-3.10.4.Final.jar, /home/administrator/.ivy2/cache/com.typesafe.netty/netty-http-pipelining/jars/netty-http-pipelining-1.1.4.jar, /home/administrator/.ivy2/cache/com.typesafe.play/play-doc_2.11/jars/play-doc_2.11-1.2.2.jar, /home/administrator/.ivy2/cache/org.pegdown/pegdown/jars/pegdown-1.4.0.jar, /home/administrator/.ivy2/cache/org.parboiled/parboiled-java/bundles/parboiled-java-1.1.5.jar, /home/administrator/.ivy2/cache/org.parboiled/parboiled-core/bundles/parboiled-core-1.1.5.jar, /home/administrator/.ivy2/cache/org.ow2.asm/asm/jars/asm-4.1.jar, /home/administrator/.ivy2/cache/org.ow2.asm/asm-tree/jars/asm-tree-4.1.jar, /home/administrator/.ivy2/cache/org.ow2.asm/asm-analysis/jars/asm-analysis-4.1.jar, /home/administrator/.ivy2/cache/org.ow2.asm/asm-util/jars/asm-util-4.1.jar, /home/administrator/.ivy2/cache/commons-io/commons-io/jars/commons-io-2.4.jar),Some(/home/administrator/.ivy2/cache/com.typesafe.play/play-omnidoc_2.11/jars/play-omnidoc_2.11-2.4.6.jar),List(),9000,0.0.0.0,DefaultWatchService,List(/home/administrator/Documents/March/play-java-intro/public, /home/administrator/Documents/March/play-java-intro/conf, /home/administrator/Documents/March/play-java-intro/app),/home/administrator/Documents/March/play-java-intro/target,500,root/playForkNotifyStart,root/playForkReload,300000,play.core.server.DevServerStart))))
Sending msg to client play-fork-run-dcfda291-5404-4c89-806d-0db156c27dff: TaskStarted(98,12955,None)
Sending msg to client play-fork-run-dcfda291-5404-4c89-806d-0db156c27dff: TaskFinished(98,12955,None,true,None)
Sending msg to client play-fork-run-dcfda291-5404-4c89-806d-0db156c27dff: TaskStarted(98,12954,None)
Sending msg to client play-fork-run-dcfda291-5404-4c89-806d-0db156c27dff: TaskFinished(98,12954,None,true,None)
Sending msg to client play-fork-run-dcfda291-5404-4c89-806d-0db156c27dff: DetachedLogEvent(LogMessage(debug,cancel strategy finish enabled=false lastCommand=Some(LastCommand(CommandExecutionWork(ExecutionId(98),{file:/home/administrator/Documents/March/play-java-intro/}root/*:playForkConfig,Set(LiveClient(play-fork-run dcfda291-5404-4c89-806d-0db156c27dff)),sbt.server.WorkCancellationStatus$$anon$1@ffe99c9)))))
Sending msg to client play-fork-run-dcfda291-5404-4c89-806d-0db156c27dff: DetachedLogEvent(LogSuccess(Total time: 0 s, completed 17 Mar, 2016 4:15:09 PM))
Sending msg to client play-fork-run-dcfda291-5404-4c89-806d-0db156c27dff: DetachedLogEvent(LogMessage(debug,> server-post-command-cleanup))
Sending msg to client play-fork-run-dcfda291-5404-4c89-806d-0db156c27dff: ExecutionSuccess(98)
Sending msg to client play-fork-run-dcfda291-5404-4c89-806d-0db156c27dff: DetachedLogEvent(LogMessage(debug,> server-handle-next-server-request))
Sending msg to client play-fork-run-dcfda291-5404-4c89-806d-0db156c27dff: BackgroundJobLogEvent(4,LogMessage(info,))
Sending msg to client play-fork-run-dcfda291-5404-4c89-806d-0db156c27dff: BackgroundJobLogEvent(4,LogMessage(info,[35m--- (Running the application, auto-reloading is enabled) ---[0m))
Sending msg to client play-fork-run-dcfda291-5404-4c89-806d-0db156c27dff: BackgroundJobLogEvent(4,LogMessage(info,))
Sending msg to client play-fork-run-dcfda291-5404-4c89-806d-0db156c27dff: BackgroundJobLogEvent(4,LogMessage(error,Play fork run has failed due to:))
Sending msg to client play-fork-run-dcfda291-5404-4c89-806d-0db156c27dff: BackgroundJobLogEvent(4,LogMessage(error,java.lang.reflect.InvocationTargetException))
Sending msg to client play-fork-run-dcfda291-5404-4c89-806d-0db156c27dff: BackgroundJobLogEvent(4,LogMessage(error,	at sun.reflect.NativeMethodAccessorImpl.invoke0(Native Method)))
Sending msg to client play-fork-run-dcfda291-5404-4c89-806d-0db156c27dff: BackgroundJobLogEvent(4,LogMessage(error,	at sun.reflect.NativeMethodAccessorImpl.invoke(NativeMethodAccessorImpl.java:62)))
Sending msg to client play-fork-run-dcfda291-5404-4c89-806d-0db156c27dff: BackgroundJobLogEvent(4,LogMessage(error,	at sun.reflect.DelegatingMethodAccessorImpl.invoke(DelegatingMethodAccessorImpl.java:43)))
Sending msg to client play-fork-run-dcfda291-5404-4c89-806d-0db156c27dff: BackgroundJobLogEvent(4,LogMessage(error,	at java.lang.reflect.Method.invoke(Method.java:498)))
Sending msg to client play-fork-run-dcfda291-5404-4c89-806d-0db156c27dff: BackgroundJobLogEvent(4,LogMessage(error,	at play.runsupport.Reloader$.startDevMode(Reloader.scala:223)))
Sending msg to client play-fork-run-dcfda291-5404-4c89-806d-0db156c27dff: BackgroundJobLogEvent(4,LogMessage(error,	at play.forkrun.ForkRun$.startServer(ForkRun.scala:82)))
Sending msg to client play-fork-run-dcfda291-5404-4c89-806d-0db156c27dff: BackgroundJobLogEvent(4,LogMessage(error,	at play.forkrun.ForkRun.run(ForkRun.scala:177)))
Sending msg to client play-fork-run-dcfda291-5404-4c89-806d-0db156c27dff: BackgroundJobLogEvent(4,LogMessage(error,	at play.forkrun.ForkRun$$anonfun$settingUp$1.applyOrElse(ForkRun.scala:166)))
Sending msg to client play-fork-run-dcfda291-5404-4c89-806d-0db156c27dff: BackgroundJobLogEvent(4,LogMessage(error,	at akka.actor.Actor$class.aroundReceive(Actor.scala:465)))
Sending msg to client play-fork-run-dcfda291-5404-4c89-806d-0db156c27dff: BackgroundJobLogEvent(4,LogMessage(error,	at play.forkrun.ForkRun.aroundReceive(ForkRun.scala:152)))
Sending msg to client play-fork-run-dcfda291-5404-4c89-806d-0db156c27dff: BackgroundJobLogEvent(4,LogMessage(error,	at akka.actor.ActorCell.receiveMessage(ActorCell.scala:516)))
Sending msg to client play-fork-run-dcfda291-5404-4c89-806d-0db156c27dff: BackgroundJobLogEvent(4,LogMessage(error,	at akka.actor.ActorCell.invoke(ActorCell.scala:487)))
Sending msg to client play-fork-run-dcfda291-5404-4c89-806d-0db156c27dff: BackgroundJobLogEvent(4,LogMessage(error,	at akka.dispatch.Mailbox.processMailbox(Mailbox.scala:254)))
Sending msg to client play-fork-run-dcfda291-5404-4c89-806d-0db156c27dff: BackgroundJobLogEvent(4,LogMessage(error,	at akka.dispatch.Mailbox.run(Mailbox.scala:221)))
Sending msg to client play-fork-run-dcfda291-5404-4c89-806d-0db156c27dff: BackgroundJobLogEvent(4,LogMessage(error,	at akka.dispatch.Mailbox.exec(Mailbox.scala:231)))
Sending msg to client play-fork-run-dcfda291-5404-4c89-806d-0db156c27dff: BackgroundJobLogEvent(4,LogMessage(error,	at scala.concurrent.forkjoin.ForkJoinTask.doExec(ForkJoinTask.java:260)))
Sending msg to client play-fork-run-dcfda291-5404-4c89-806d-0db156c27dff: BackgroundJobLogEvent(4,LogMessage(error,	at scala.concurrent.forkjoin.ForkJoinPool$WorkQueue.runTask(ForkJoinPool.java:1339)))
Sending msg to client play-fork-run-dcfda291-5404-4c89-806d-0db156c27dff: BackgroundJobLogEvent(4,LogMessage(error,	at scala.concurrent.forkjoin.ForkJoinPool.runWorker(ForkJoinPool.java:1979)))
Sending msg to client play-fork-run-dcfda291-5404-4c89-806d-0db156c27dff: BackgroundJobLogEvent(4,LogMessage(error,	at scala.concurrent.forkjoin.ForkJoinWorkerThread.run(ForkJoinWorkerThread.java:107)))
Sending msg to client play-fork-run-dcfda291-5404-4c89-806d-0db156c27dff: BackgroundJobLogEvent(4,LogMessage(error,Caused by: org.jboss.netty.channel.ChannelException: Failed to bind to: /0.0.0.0:9000))
Sending msg to client play-fork-run-dcfda291-5404-4c89-806d-0db156c27dff: BackgroundJobLogEvent(4,LogMessage(error,	at org.jboss.netty.bootstrap.ServerBootstrap.bind(ServerBootstrap.java:272)))
Sending msg to client play-fork-run-dcfda291-5404-4c89-806d-0db156c27dff: BackgroundJobLogEvent(4,LogMessage(error,	at play.core.server.NettyServer$$anonfun$1.apply(NettyServer.scala:132)))
Sending msg to client play-fork-run-dcfda291-5404-4c89-806d-0db156c27dff: BackgroundJobLogEvent(4,LogMessage(error,	at play.core.server.NettyServer$$anonfun$1.apply(NettyServer.scala:129)))
Sending msg to client play-fork-run-dcfda291-5404-4c89-806d-0db156c27dff: BackgroundJobLogEvent(4,LogMessage(error,	at scala.Option.map(Option.scala:146)))
Sending msg to client play-fork-run-dcfda291-5404-4c89-806d-0db156c27dff: BackgroundJobLogEvent(4,LogMessage(error,	at play.core.server.NettyServer.<init>(NettyServer.scala:129)))
Sending msg to client play-fork-run-dcfda291-5404-4c89-806d-0db156c27dff: BackgroundJobLogEvent(4,LogMessage(error,	at play.core.server.NettyServerProvider.createServer(NettyServer.scala:200)))
Sending msg to client play-fork-run-dcfda291-5404-4c89-806d-0db156c27dff: BackgroundJobLogEvent(4,LogMessage(error,	at play.core.server.NettyServerProvider.createServer(NettyServer.scala:199)))
Sending msg to client play-fork-run-dcfda291-5404-4c89-806d-0db156c27dff: BackgroundJobLogEvent(4,LogMessage(error,	at play.core.server.DevServerStart$$anonfun$mainDev$1.apply(DevServerStart.scala:208)))
Sending msg to client play-fork-run-dcfda291-5404-4c89-806d-0db156c27dff: BackgroundJobLogEvent(4,LogMessage(error,	at play.core.server.DevServerStart$$anonfun$mainDev$1.apply(DevServerStart.scala:61)))
Sending msg to client play-fork-run-dcfda291-5404-4c89-806d-0db156c27dff: BackgroundJobLogEvent(4,LogMessage(error,	at play.utils.Threads$.withContextClassLoader(Threads.scala:21)))
Sending msg to client play-fork-run-dcfda291-5404-4c89-806d-0db156c27dff: BackgroundJobLogEvent(4,LogMessage(error,	at play.core.server.DevServerStart$.mainDev(DevServerStart.scala:60)))
Sending msg to client play-fork-run-dcfda291-5404-4c89-806d-0db156c27dff: BackgroundJobLogEvent(4,LogMessage(error,	at play.core.server.DevServerStart$.mainDevHttpMode(DevServerStart.scala:50)))
Sending msg to client play-fork-run-dcfda291-5404-4c89-806d-0db156c27dff: BackgroundJobLogEvent(4,LogMessage(error,	at play.core.server.DevServerStart.mainDevHttpMode(DevServerStart.scala)))
Sending msg to client play-fork-run-dcfda291-5404-4c89-806d-0db156c27dff: BackgroundJobLogEvent(4,LogMessage(error,	... 19 more))
Sending msg to client play-fork-run-dcfda291-5404-4c89-806d-0db156c27dff: BackgroundJobLogEvent(4,LogMessage(error,Caused by: java.net.BindException: Address already in use))
Sending msg to client play-fork-run-dcfda291-5404-4c89-806d-0db156c27dff: BackgroundJobLogEvent(4,LogMessage(error,	at sun.nio.ch.Net.bind0(Native Method)))
Sending msg to client play-fork-run-dcfda291-5404-4c89-806d-0db156c27dff: BackgroundJobLogEvent(4,LogMessage(error,	at sun.nio.ch.Net.bind(Net.java:433)))
Sending msg to client play-fork-run-dcfda291-5404-4c89-806d-0db156c27dff: BackgroundJobLogEvent(4,LogMessage(error,	at sun.nio.ch.Net.bind(Net.java:425)))
Sending msg to client play-fork-run-dcfda291-5404-4c89-806d-0db156c27dff: BackgroundJobLogEvent(4,LogMessage(error,	at sun.nio.ch.ServerSocketChannelImpl.bind(ServerSocketChannelImpl.java:223)))
Sending msg to client play-fork-run-dcfda291-5404-4c89-806d-0db156c27dff: BackgroundJobLogEvent(4,LogMessage(error,	at sun.nio.ch.ServerSocketAdaptor.bind(ServerSocketAdaptor.java:74)))
Sending msg to client play-fork-run-dcfda291-5404-4c89-806d-0db156c27dff: BackgroundJobLogEvent(4,LogMessage(error,	at org.jboss.netty.channel.socket.nio.NioServerBoss$RegisterTask.run(NioServerBoss.java:193)))
Sending msg to client play-fork-run-dcfda291-5404-4c89-806d-0db156c27dff: BackgroundJobLogEvent(4,LogMessage(error,	at org.jboss.netty.channel.socket.nio.AbstractNioSelector.processTaskQueue(AbstractNioSelector.java:391)))
Sending msg to client play-fork-run-dcfda291-5404-4c89-806d-0db156c27dff: BackgroundJobLogEvent(4,LogMessage(error,	at org.jboss.netty.channel.socket.nio.AbstractNioSelector.run(AbstractNioSelector.java:315)))
Sending msg to client play-fork-run-dcfda291-5404-4c89-806d-0db156c27dff: BackgroundJobLogEvent(4,LogMessage(error,	at org.jboss.netty.channel.socket.nio.NioServerBoss.run(NioServerBoss.java:42)))
Sending msg to client play-fork-run-dcfda291-5404-4c89-806d-0db156c27dff: BackgroundJobLogEvent(4,LogMessage(error,	at org.jboss.netty.util.ThreadRenamingRunnable.run(ThreadRenamingRunnable.java:108)))
Sending msg to client play-fork-run-dcfda291-5404-4c89-806d-0db156c27dff: BackgroundJobLogEvent(4,LogMessage(error,	at org.jboss.netty.util.internal.DeadLockProofWorker$1.run(DeadLockProofWorker.java:42)))
Sending msg to client play-fork-run-dcfda291-5404-4c89-806d-0db156c27dff: BackgroundJobLogEvent(4,LogMessage(error,	at java.util.concurrent.ThreadPoolExecutor.runWorker(ThreadPoolExecutor.java:1142)))
Sending msg to client play-fork-run-dcfda291-5404-4c89-806d-0db156c27dff: BackgroundJobLogEvent(4,LogMessage(error,	at java.util.concurrent.ThreadPoolExecutor$Worker.run(ThreadPoolExecutor.java:617)))
Sending msg to client play-fork-run-dcfda291-5404-4c89-806d-0db156c27dff: BackgroundJobLogEvent(4,LogMessage(error,	at java.lang.Thread.run(Thread.java:745)))
Got request: UnlistenToEvents()
Reading next message from client.
Sending msg to client play-fork-run-dcfda291-5404-4c89-806d-0db156c27dff: (8,ReceivedResponse())
Got request: UnlistenToValue(AttributeKey[play.forkrun.protocol.ForkConfig]("playForkConfig") in Scope(Build: file:/home/administrator/Documents/March/play-java-intro/, , Project: ProjectReference(file:/home/administrator/Documents/March/play-java-intro/,root)))
Reading next message from client.
Client play-fork-run-dcfda291-5404-4c89-806d-0db156c27dff EOF, shutting down.
Stopping client.
Client play-fork-run-dcfda291-5404-4c89-806d-0db156c27dff thread exiting.
Dropping message (9,ReceivedResponse()) to dead client play-fork-run-dcfda291-5404-4c89-806d-0db156c27dff
Dropping message (0,ReceivedResponse()) to dead client play-fork-run-dcfda291-5404-4c89-806d-0db156c27dff
